android/build/outputs/logs/manifest-merger-debug-report.txt
-- Merging decision tree log ---
manifest
ADDED from src\main\AndroidManifest.xml:1:1-18:12
INJECTED from src\main\AndroidManifest.xml:1:1-18:12
INJECTED from src\main\AndroidManifest.xml:1:1-18:12
	package
		ADDED from src\main\AndroidManifest.xml:2:3-43
		INJECTED from src\main\AndroidManifest.xml
		INJECTED from src\main\AndroidManifest.xml
	xmlns:android
		ADDED from src\main\AndroidManifest.xml:1:11-69
uses-permission#android.permission.READ_EXTERNAL_STORAGE
ADDED from src\main\AndroidManifest.xml:3:4-78
	android:name
		ADDED from src\main\AndroidManifest.xml:3:21-76
uses-permission#android.permission.WRITE_EXTERNAL_STORAGE
ADDED from src\main\AndroidManifest.xml:4:4-79
	android:name
		ADDED from src\main\AndroidManifest.xml:4:21-77
uses-permission#android.permission.CAMERA
ADDED from src\main\AndroidManifest.xml:5:4-63
	android:name
		ADDED from src\main\AndroidManifest.xml:5:21-61
application
ADDED from src\main\AndroidManifest.xml:7:5-17:19
provider#io.flutter.plugins.imagepicker.ImagePickerFileProvider
ADDED from src\main\AndroidManifest.xml:8:9-16:20
	android:grantUriPermissions
		ADDED from src\main\AndroidManifest.xml:12:13-47
	android:authorities
		ADDED from src\main\AndroidManifest.xml:10:13-74
	android:exported
		ADDED from src\main\AndroidManifest.xml:11:13-37
	android:name
		ADDED from src\main\AndroidManifest.xml:9:13-82
meta-data#android.support.FILE_PROVIDER_PATHS
ADDED from src\main\AndroidManifest.xml:13:13-15:74
	android:resource
		ADDED from src\main\AndroidManifest.xml:15:17-72
	android:name
		ADDED from src\main\AndroidManifest.xml:14:17-67
uses-sdk
INJECTED from src\main\AndroidManifest.xml reason: use-sdk injection requested
INJECTED from src\main\AndroidManifest.xml
INJECTED from src\main\AndroidManifest.xml
	android:minSdkVersion
		INJECTED from src\main\AndroidManifest.xml
		ADDED from src\main\AndroidManifest.xml
		INJECTED from src\main\AndroidManifest.xml